--------------------------------------------------------------------------------
Release 14.7 Trace  (nt64)
Copyright (c) 1995-2013 Xilinx, Inc.  All rights reserved.

C:\Xilinx\14.7\ISE_DS\ISE\bin\nt64\unwrapped\trce.exe -intstyle ise -v 3 -s 4
-n 3 -fastpaths -xml multiplicador.twx multiplicador.ncd -o multiplicador.twr
multiplicador.pcf

Design file:              multiplicador.ncd
Physical constraint file: multiplicador.pcf
Device,package,speed:     xc3s100e,cp132,-4 (PRODUCTION 1.27 2013-10-13)
Report level:             verbose report

Environment Variable      Effect 
--------------------      ------ 
NONE                      No environment variables were set
--------------------------------------------------------------------------------

INFO:Timing:2698 - No timing constraints found, doing default enumeration.
INFO:Timing:3412 - To improve timing, see the Timing Closure User Guide (UG612).
INFO:Timing:2752 - To get complete path coverage, use the unconstrained paths 
   option. All paths that are not constrained will be reported in the 
   unconstrained paths section(s) of the report.
INFO:Timing:3339 - The clock-to-out numbers in this timing report are based on 
   a 50 Ohm transmission line loading model.  For the details of this model, 
   and for more information on accounting for different loading conditions, 
   please see the device datasheet.
INFO:Timing:3390 - This architecture does not support a default System Jitter 
   value, please add SYSTEM_JITTER constraint to the UCF to modify the Clock 
   Uncertainty calculation.
INFO:Timing:3389 - This architecture does not support 'Discrete Jitter' and 
   'Phase Error' calculations, these terms will be zero in the Clock 
   Uncertainty calculation.  Please make appropriate modification to 
   SYSTEM_JITTER to account for the unsupported Discrete Jitter and Phase 
   Error.



Data Sheet report:
-----------------
All values displayed in nanoseconds (ns)

Setup/Hold to clock clk
------------+------------+------------+------------------+--------+
            |Max Setup to|Max Hold to |                  | Clock  |
Source      | clk (edge) | clk (edge) |Internal Clock(s) | Phase  |
------------+------------+------------+------------------+--------+
MD<0>       |    0.458(R)|    0.809(R)|clk_BUFGP         |   0.000|
MD<1>       |    0.266(R)|    0.963(R)|clk_BUFGP         |   0.000|
MD<2>       |    0.326(R)|    0.916(R)|clk_BUFGP         |   0.000|
MR<0>       |    0.652(R)|    0.655(R)|clk_BUFGP         |   0.000|
MR<1>       |    0.614(R)|    0.685(R)|clk_BUFGP         |   0.000|
MR<2>       |    0.812(R)|    0.527(R)|clk_BUFGP         |   0.000|
init        |    1.226(R)|    0.763(R)|clk_BUFGP         |   0.000|
------------+------------+------------+------------------+--------+

Clock clk to Pad
------------+------------+------------------+--------+
            | clk (edge) |                  | Clock  |
Destination |   to PAD   |Internal Clock(s) | Phase  |
------------+------------+------------------+--------+
done        |    7.855(R)|clk_BUFGP         |   0.000|
pp<0>       |    7.052(R)|clk_BUFGP         |   0.000|
pp<1>       |    8.136(R)|clk_BUFGP         |   0.000|
pp<2>       |    7.357(R)|clk_BUFGP         |   0.000|
pp<3>       |    7.050(R)|clk_BUFGP         |   0.000|
pp<4>       |    7.071(R)|clk_BUFGP         |   0.000|
pp<5>       |    7.855(R)|clk_BUFGP         |   0.000|
------------+------------+------------------+--------+

Clock to Setup on destination clock clk
---------------+---------+---------+---------+---------+
               | Src:Rise| Src:Fall| Src:Rise| Src:Fall|
Source Clock   |Dest:Rise|Dest:Rise|Dest:Fall|Dest:Fall|
---------------+---------+---------+---------+---------+
clk            |    3.708|         |         |         |
---------------+---------+---------+---------+---------+


Analysis completed Fri Apr 24 22:10:32 2020 
--------------------------------------------------------------------------------

Trace Settings:
-------------------------
Trace Settings 

Peak Memory Usage: 154 MB



