Command line:
   BCDtoSSeg_isim_beh.exe
     -simmode  gui
     -simrunnum  0
     -socket  50220

Fri Apr 24 15:50:58 2020


 Elaboration Time: 0.0468 sec

 Current Memory Usage: 670.11 Meg

 Total Signals          : 14
 Total Nets             : 24
 Total Signal Drivers   : 6
 Total Blocks           : 2
 Total Primitive Blocks : 2
 Total Processes        : 8
 Total Traceable Variables  : 19
 Total Scalar Nets and Variables : 111
Total Line Count : 33

 Total Simulation Time: 0.0624 sec

 Current Memory Usage: 670.11 Meg

Fri Apr 24 15:51:03 2020

