Command line:
   sum1bcc_isim_beh.exe
     -simmode  gui
     -simrunnum  0
     -socket  49775

Thu Apr 23 23:46:09 2020


 Elaboration Time: 0.0312 sec

 Current Memory Usage: 670.11 Meg

 Total Signals          : 18
 Total Nets             : 18
 Total Signal Drivers   : 7
 Total Blocks           : 2
 Total Primitive Blocks : 2
 Total Processes        : 9
 Total Traceable Variables  : 19
 Total Scalar Nets and Variables : 100
Total Line Count : 18
Total Line Count : 18
Total Line Count : 18

 Total Simulation Time: 0.280801 sec

 Current Memory Usage: 670.11 Meg

Thu Apr 23 23:57:28 2020

