Command line:
   div3bcc_isim_beh.exe
     -simmode  gui
     -simrunnum  0
     -socket  52252

Wed Apr 22 22:24:31 2020


 Elaboration Time: 0.0468 sec

 Current Memory Usage: 670.11 Meg

 Total Signals          : 18
 Total Nets             : 26
 Total Signal Drivers   : 7
 Total Blocks           : 2
 Total Primitive Blocks : 2
 Total Processes        : 9
 Total Traceable Variables  : 22
 Total Scalar Nets and Variables : 115
Total Line Count : 32
Total Line Count : 32

 Total Simulation Time: 0.1248 sec

 Current Memory Usage: 670.11 Meg

Wed Apr 22 22:27:49 2020

